INFO:__main__:Created templates directory and index.html
INFO:__main__:Loading existing blog index
INFO:__main__:Loading language model
Loading checkpoint shards:   0%|          | 0/2 [00:00<?, ?it/s]Loading checkpoint shards:  50%|█████     | 1/2 [00:08<00:08,  8.69s/it]Loading checkpoint shards: 100%|██████████| 2/2 [00:11<00:00,  5.10s/it]Loading checkpoint shards: 100%|██████████| 2/2 [00:11<00:00,  5.63s/it]
INFO:__main__:All models initialized successfully
 * Serving Flask app 'index_blog'
 * Debug mode: on
INFO:werkzeug:[31m[1mWARNING: This is a development server. Do not use it in a production deployment. Use a production WSGI server instead.[0m
 * Running on all addresses (0.0.0.0)
 * Running on http://127.0.0.1:5001
 * Running on http://192.168.1.238:5001
INFO:werkzeug:[33mPress CTRL+C to quit[0m
INFO:werkzeug: * Restarting with stat
INFO:__main__:Created templates directory and index.html
INFO:__main__:Loading existing blog index
INFO:__main__:Loading language model
Loading checkpoint shards:   0%|          | 0/2 [00:00<?, ?it/s]Loading checkpoint shards:  50%|█████     | 1/2 [00:20<00:20, 20.42s/it]Loading checkpoint shards: 100%|██████████| 2/2 [00:25<00:00, 11.18s/it]Loading checkpoint shards: 100%|██████████| 2/2 [00:25<00:00, 12.56s/it]
WARNING:accelerate.big_modeling:Some parameters are on the meta device because they were offloaded to the disk.
INFO:__main__:All models initialized successfully
WARNING:werkzeug: * Debugger is active!
INFO:werkzeug: * Debugger PIN: 141-935-767
INFO:__main__:Created templates directory and index.html
INFO:__main__:Loading existing blog index
INFO:__main__:Loading language model
Loading checkpoint shards:   0%|          | 0/2 [00:00<?, ?it/s]Loading checkpoint shards:  50%|█████     | 1/2 [00:09<00:09,  9.49s/it]Loading checkpoint shards: 100%|██████████| 2/2 [00:12<00:00,  5.39s/it]Loading checkpoint shards: 100%|██████████| 2/2 [00:12<00:00,  6.01s/it]
INFO:__main__:All models initialized successfully
 * Serving Flask app 'index_blog'
 * Debug mode: on
INFO:werkzeug:[31m[1mWARNING: This is a development server. Do not use it in a production deployment. Use a production WSGI server instead.[0m
 * Running on all addresses (0.0.0.0)
 * Running on http://127.0.0.1:5001
 * Running on http://192.168.1.238:5001
INFO:werkzeug:[33mPress CTRL+C to quit[0m
INFO:werkzeug: * Restarting with stat
Traceback (most recent call last):
  File "/Users/cratebind/Developer/HavishVivek.github.io/index_blog.py", line 10, in <module>
    from sentence_transformers import SentenceTransformer
  File "/opt/homebrew/anaconda3/envs/Ai/lib/python3.10/site-packages/sentence_transformers/__init__.py", line 14, in <module>
    from sentence_transformers.cross_encoder.CrossEncoder import CrossEncoder
  File "/opt/homebrew/anaconda3/envs/Ai/lib/python3.10/site-packages/sentence_transformers/cross_encoder/__init__.py", line 3, in <module>
    from .CrossEncoder import CrossEncoder
  File "/opt/homebrew/anaconda3/envs/Ai/lib/python3.10/site-packages/sentence_transformers/cross_encoder/CrossEncoder.py", line 14, in <module>
    from transformers import AutoConfig, AutoModelForSequenceClassification, AutoTokenizer, is_torch_npu_available
  File "<frozen importlib._bootstrap>", line 1075, in _handle_fromlist
  File "/opt/homebrew/anaconda3/envs/Ai/lib/python3.10/site-packages/transformers/utils/import_utils.py", line 1957, in __getattr__
    value = getattr(module, name)
  File "/opt/homebrew/anaconda3/envs/Ai/lib/python3.10/site-packages/transformers/utils/import_utils.py", line 1956, in __getattr__
    module = self._get_module(self._class_to_module[name])
  File "/opt/homebrew/anaconda3/envs/Ai/lib/python3.10/site-packages/transformers/utils/import_utils.py", line 1968, in _get_module
    return importlib.import_module("." + module_name, self.__name__)
  File "/opt/homebrew/anaconda3/envs/Ai/lib/python3.10/importlib/__init__.py", line 126, in import_module
    return _bootstrap._gcd_import(name[level:], package, level)
  File "/opt/homebrew/anaconda3/envs/Ai/lib/python3.10/site-packages/transformers/models/auto/modeling_auto.py", line 22, in <module>
    from .auto_factory import (
  File "/opt/homebrew/anaconda3/envs/Ai/lib/python3.10/site-packages/transformers/models/auto/auto_factory.py", line 40, in <module>
    from ...generation import GenerationMixin
  File "<frozen importlib._bootstrap>", line 1075, in _handle_fromlist
  File "/opt/homebrew/anaconda3/envs/Ai/lib/python3.10/site-packages/transformers/utils/import_utils.py", line 1956, in __getattr__
    module = self._get_module(self._class_to_module[name])
  File "/opt/homebrew/anaconda3/envs/Ai/lib/python3.10/site-packages/transformers/utils/import_utils.py", line 1968, in _get_module
    return importlib.import_module("." + module_name, self.__name__)
  File "/opt/homebrew/anaconda3/envs/Ai/lib/python3.10/importlib/__init__.py", line 126, in import_module
    return _bootstrap._gcd_import(name[level:], package, level)
  File "/opt/homebrew/anaconda3/envs/Ai/lib/python3.10/site-packages/transformers/generation/utils.py", line 30, in <module>
    from transformers.generation.candidate_generator import AssistantVocabTranslatorCache
  File "/opt/homebrew/anaconda3/envs/Ai/lib/python3.10/site-packages/transformers/generation/candidate_generator.py", line 29, in <module>
    from ..cache_utils import DynamicCache
  File "/opt/homebrew/anaconda3/envs/Ai/lib/python3.10/site-packages/transformers/cache_utils.py", line 11, in <module>
    from transformers.pytorch_utils import is_torch_greater_or_equal_than_2_6
  File "/opt/homebrew/anaconda3/envs/Ai/lib/python3.10/site-packages/transformers/pytorch_utils.py", line 50, in <module>
    from torch.distributed.tensor.parallel import ColwiseParallel, RowwiseParallel
  File "/opt/homebrew/anaconda3/envs/Ai/lib/python3.10/site-packages/torch/distributed/tensor/parallel/__init__.py", line 2, in <module>
    from torch.distributed.tensor.parallel.api import parallelize_module
  File "/opt/homebrew/anaconda3/envs/Ai/lib/python3.10/site-packages/torch/distributed/tensor/parallel/api.py", line 9, in <module>
    from torch.distributed.tensor.parallel._utils import _validate_tp_mesh_dim
  File "/opt/homebrew/anaconda3/envs/Ai/lib/python3.10/site-packages/torch/distributed/tensor/parallel/_utils.py", line 11, in <module>
    from torch._dynamo.external_utils import is_compiling as is_torchdynamo_compiling
  File "/opt/homebrew/anaconda3/envs/Ai/lib/python3.10/site-packages/torch/_dynamo/__init__.py", line 3, in <module>
    from . import convert_frame, eval_frame, resume_execution
  File "/opt/homebrew/anaconda3/envs/Ai/lib/python3.10/site-packages/torch/_dynamo/convert_frame.py", line 33, in <module>
    from torch._dynamo.symbolic_convert import TensorifyState
  File "/opt/homebrew/anaconda3/envs/Ai/lib/python3.10/site-packages/torch/_dynamo/symbolic_convert.py", line 30, in <module>
    from . import config, exc, logging as torchdynamo_logging, trace_rules, variables
  File "/opt/homebrew/anaconda3/envs/Ai/lib/python3.10/site-packages/torch/_dynamo/trace_rules.py", line 46, in <module>
    from .variables import (
  File "/opt/homebrew/anaconda3/envs/Ai/lib/python3.10/site-packages/torch/_dynamo/variables/__init__.py", line 109, in <module>
    from .torch import TorchCtxManagerClassVariable, TorchInGraphFunctionVariable
  File "/opt/homebrew/anaconda3/envs/Ai/lib/python3.10/site-packages/torch/_dynamo/variables/torch.py", line 145, in <module>
    torch.onnx.is_in_onnx_export: False,
  File "/opt/homebrew/anaconda3/envs/Ai/lib/python3.10/site-packages/torch/__init__.py", line 2679, in __getattr__
    return importlib.import_module(f".{name}", __name__)
  File "/opt/homebrew/anaconda3/envs/Ai/lib/python3.10/importlib/__init__.py", line 126, in import_module
    return _bootstrap._gcd_import(name[level:], package, level)
  File "/opt/homebrew/anaconda3/envs/Ai/lib/python3.10/site-packages/torch/onnx/__init__.py", line 77, in <module>
    from . import (  # usort: skip. Keep the order instead of sorting lexicographically
  File "/opt/homebrew/anaconda3/envs/Ai/lib/python3.10/site-packages/torch/onnx/symbolic_caffe2.py", line 6, in <module>
    from torch.onnx import symbolic_helper, symbolic_opset9 as opset9
  File "/opt/homebrew/anaconda3/envs/Ai/lib/python3.10/site-packages/torch/onnx/symbolic_opset9.py", line 5980, in <module>
    def hann_window(
  File "/opt/homebrew/anaconda3/envs/Ai/lib/python3.10/site-packages/torch/onnx/symbolic_helper.py", line 242, in decorator
    def wrapper(g: _U, *args: _P.args, **kwargs: _P.kwargs) -> _T:
  File "/opt/homebrew/anaconda3/envs/Ai/lib/python3.10/functools.py", line 52, in update_wrapper
    value = getattr(wrapped, attr)
KeyboardInterrupt
/Library/Ruby/Gems/2.6.0/gems/bundler-2.4.22/lib/bundler/runtime.rb:304:in `check_for_activated_spec!': You have already activated concurrent-ruby 1.3.4, but your Gemfile requires concurrent-ruby 1.2.3. Prepending `bundle exec` to your command may solve this. (Gem::LoadError)
	from /Library/Ruby/Gems/2.6.0/gems/bundler-2.4.22/lib/bundler/runtime.rb:25:in `block in setup'
	from /Library/Ruby/Gems/2.6.0/gems/bundler-2.4.22/lib/bundler/spec_set.rb:165:in `each'
	from /Library/Ruby/Gems/2.6.0/gems/bundler-2.4.22/lib/bundler/spec_set.rb:165:in `each'
	from /Library/Ruby/Gems/2.6.0/gems/bundler-2.4.22/lib/bundler/runtime.rb:24:in `map'
	from /Library/Ruby/Gems/2.6.0/gems/bundler-2.4.22/lib/bundler/runtime.rb:24:in `setup'
	from /Library/Ruby/Gems/2.6.0/gems/bundler-2.4.22/lib/bundler.rb:162:in `setup'
	from /Library/Ruby/Gems/2.6.0/gems/jekyll-4.1.1/lib/jekyll/plugin_manager.rb:52:in `require_from_bundler'
	from /Library/Ruby/Gems/2.6.0/gems/jekyll-4.1.1/exe/jekyll:11:in `<top (required)>'
	from /usr/local/bin/jekyll:23:in `load'
	from /usr/local/bin/jekyll:23:in `<main>'
INFO:__main__:Created templates directory and index.html
INFO:__main__:Loading existing blog index
INFO:__main__:Loading language model
Loading checkpoint shards:   0%|          | 0/2 [00:00<?, ?it/s]Loading checkpoint shards:  50%|█████     | 1/2 [00:09<00:09,  9.38s/it]Loading checkpoint shards: 100%|██████████| 2/2 [00:12<00:00,  5.43s/it]Loading checkpoint shards: 100%|██████████| 2/2 [00:12<00:00,  6.02s/it]
INFO:__main__:All models initialized successfully
 * Serving Flask app 'index_blog'
 * Debug mode: on
INFO:werkzeug:[31m[1mWARNING: This is a development server. Do not use it in a production deployment. Use a production WSGI server instead.[0m
 * Running on all addresses (0.0.0.0)
 * Running on http://127.0.0.1:5001
 * Running on http://192.168.1.238:5001
INFO:werkzeug:[33mPress CTRL+C to quit[0m
INFO:werkzeug: * Restarting with stat
INFO:__main__:Created templates directory and index.html
INFO:__main__:Loading existing blog index
INFO:__main__:Loading language model
Loading checkpoint shards:   0%|          | 0/2 [00:00<?, ?it/s]Loading checkpoint shards:  50%|█████     | 1/2 [00:19<00:19, 19.83s/it]Loading checkpoint shards: 100%|██████████| 2/2 [00:25<00:00, 11.63s/it]Loading checkpoint shards: 100%|██████████| 2/2 [00:25<00:00, 12.86s/it]
WARNING:accelerate.big_modeling:Some parameters are on the meta device because they were offloaded to the disk.
INFO:__main__:All models initialized successfully
WARNING:werkzeug: * Debugger is active!
INFO:werkzeug: * Debugger PIN: 141-935-767
